<?xml version="1.0" encoding="UTF-8"?>
<testsuite xmlns:xsi="http://www.w3.org/2001/XMLSchema-instance" xsi:noNamespaceSchemaLocation="https://maven.apache.org/surefire/maven-surefire-plugin/xsd/surefire-test-report-3.0.xsd" version="3.0" name="sociopath.SociopathTest" time="0.038" tests="6" errors="0" skipped="0" failures="0">
  <properties>
[...]
</properties>
  <testcase name="testCase1_testSociopath" classname="sociopath.SociopathTest" time="0.004"/>
  <testcase name="testCase6_testSociopath" classname="sociopath.SociopathTest" time="0.0"/>
  <testcase name="testCase2_testSociopath" classname="sociopath.SociopathTest" time="0.0"/>
  <testcase name="testCase4_testSociopath" classname="sociopath.SociopathTest" time="0.0"/>
  <testcase name="testCase3_testSociopath" classname="sociopath.SociopathTest" time="0.0"/>
  <testcase name="testCase5_testSociopath" classname="sociopath.SociopathTest" time="0.0"/>
</testsuite>